2025-04-25T15:21:16.095Z - LiveChat service started
2025-04-25T15:21:17.105Z - LiveChat bot sent: Hello! How can I help you today?
2025-04-25T15:21:18.105Z - LiveChat bot sent: Just checking in — do you need help with your account?
2025-04-25T15:21:19.105Z - LiveChat bot sent: Feel free to ask me anything.
2025-04-25T15:21:20.105Z - LiveChat bot sent: Thanks for chatting with Nodeflix support!
2025-04-25T15:21:21.109Z - LiveChat session ended
2025-04-28T06:55:41.155Z - Chatbot received message: undefined
2025-04-28T07:14:07.205Z - Chatbot received message: undefined
2025-04-28T08:20:44.701Z - Chatbot received message: undefined
2025-04-28T08:41:46.522Z - Chatbot received message: undefined
2025-04-28T08:41:56.103Z - Chatbot received message: undefined
2025-04-28T08:59:24.878Z - Chatbot received message: undefined
2025-04-28T09:09:51.569Z - Chatbot received message: undefined
2025-04-28T09:09:56.099Z - Chatbot received message: undefined
2025-04-28T09:14:40.866Z - Chatbot received message: undefined
2025-04-28T09:14:40.938Z - Sentiment service received: 
2025-04-28T09:14:40.941Z - Tone determined: neutral
2025-04-28T09:22:52.408Z - Chatbot received message: 
2025-04-28T09:22:52.481Z - Sentiment service received: 
2025-04-28T09:22:52.482Z - Tone determined: neutral
2025-04-28T09:32:48.518Z - Chatbot received message: 
2025-04-28T09:32:48.529Z - Tone determined: neutral
2025-04-28T09:32:48.528Z - Sentiment service received: 
2025-04-28T09:47:53.179Z - Chatbot received message: 
2025-04-28T09:47:53.193Z - Tone determined: neutral
2025-04-28T09:47:53.193Z - Sentiment service received: 
2025-04-28T09:49:37.241Z - Chatbot received message: 
2025-04-28T09:49:37.310Z - Sentiment service received: 
2025-04-28T09:49:37.311Z - Tone determined: neutral
2025-04-28T09:49:47.194Z - Chatbot received message: 
2025-04-28T09:49:47.206Z - Sentiment service received: 
2025-04-28T09:49:47.206Z - Tone determined: neutral
2025-04-28T09:49:57.485Z - Chatbot received message: 
2025-04-28T09:49:57.503Z - Sentiment service received: 
2025-04-28T09:49:57.503Z - Tone determined: neutral
2025-04-28T10:02:30.536Z - Chatbot received message: 
2025-04-28T10:02:30.605Z - Tone determined: neutral
2025-04-28T10:02:30.603Z - Sentiment service received: 
2025-04-28T10:02:39.378Z - Chatbot received message: 
2025-04-28T10:02:39.386Z - Tone determined: neutral
2025-04-28T10:02:39.386Z - Sentiment service received: 
2025-04-28T10:02:45.789Z - Chatbot received message: 
2025-04-28T10:02:45.817Z - Sentiment service received: 
2025-04-28T10:02:45.817Z - Tone determined: neutral
2025-04-28T10:04:24.506Z - Chatbot received message: 
2025-04-28T10:04:24.508Z - Tone determined: neutral
2025-04-28T10:04:24.508Z - Sentiment service received: 
2025-04-28T10:08:21.452Z - Chatbot received message: 
2025-04-28T10:08:21.486Z - Sentiment service received: 
2025-04-28T10:08:21.489Z - Tone determined: neutral
2025-04-28T10:08:26.898Z - Chatbot received message: 
2025-04-28T10:08:26.909Z - Tone determined: neutral
2025-04-28T10:08:26.909Z - Sentiment service received: 
2025-04-28T10:08:34.310Z - Chatbot received message: 
2025-04-28T10:08:34.316Z - Tone determined: neutral
2025-04-28T10:08:34.315Z - Sentiment service received: 
2025-04-28T10:21:05.422Z - Chatbot received message: 
2025-04-28T10:21:05.504Z - Tone determined: neutral
2025-04-28T10:21:05.502Z - Sentiment service received: 
2025-04-28T10:21:14.098Z - Chatbot received message: 
2025-04-28T10:21:14.101Z - Tone determined: neutral
2025-04-28T10:21:14.100Z - Sentiment service received: 
2025-04-28T10:21:16.077Z - Chatbot received message: 
2025-04-28T10:21:16.083Z - Sentiment service received: 
2025-04-28T10:21:16.084Z - Tone determined: neutral
2025-04-28T10:21:17.271Z - Chatbot received message: 
2025-04-28T10:21:17.275Z - Tone determined: neutral
2025-04-28T10:21:17.275Z - Sentiment service received: 
2025-04-28T10:21:21.495Z - Chatbot received message: 
2025-04-28T10:21:21.499Z - Sentiment service received: 
2025-04-28T10:21:21.499Z - Tone determined: neutral
2025-04-28T10:21:30.186Z - Chatbot received message: 
2025-04-28T10:21:30.188Z - Tone determined: neutral
2025-04-28T10:21:30.188Z - Sentiment service received: 
2025-04-28T10:21:32.786Z - Chatbot received message: 
2025-04-28T10:21:32.791Z - Tone determined: neutral
2025-04-28T10:21:32.791Z - Sentiment service received: 
2025-04-28T10:21:46.515Z - Chatbot received message: 
2025-04-28T10:21:46.522Z - Sentiment service received: 
2025-04-28T10:21:46.523Z - Tone determined: neutral
